<?xml version="1.0" encoding="utf-8"?><testsuites name="pytest tests"><testsuite name="pytest" errors="0" failures="0" skipped="0" tests="85" time="91.254" timestamp="2026-09-19T20:26:12.059872-05:00" hostname="DESKTOP-UEN45OG"><testcase classname="tests.test_api" name="test_complete_loan_lifecycle" time="1.013" /><testcase classname="tests.test_api" name="test_missing_resources[/users/999/loans]" time="0.858" /><testcase classname="tests.test_api" name="test_missing_resources[/users/999/devices]" time="0.905" /><testcase classname="tests.test_api" name="test_missing_resources[/devices/999]" time="0.900" /><testcase classname="tests.test_api" name="test_missing_resources[/devices/999/loans]" time="0.876" /><testcase classname="tests.test_api" name="test_missing_resources[/loans/999]" time="0.899" /><testcase classname="tests.test_api" name="test_missing_loan_references" time="0.998" /><testcase classname="tests.test_api" name="test_invalid_loan_filters[status=invalid]" time="0.958" /><testcase classname="tests.test_api" name="test_invalid_loan_filters[user_id=0]" time="1.001" /><testcase classname="tests.test_api" name="test_invalid_loan_filters[device_id=-1]" time="0.915" /><testcase classname="tests.test_api" name="test_invalid_loan_filters[user_email=invalid]" time="0.916" /><testcase classname="tests.test_api" name="test_invalid_loan_filters[date_from=invalid]" time="0.918" /><testcase classname="tests.test_api" name="test_invalid_loan_filters[date_from=2026-10-01&amp;date_to=2026-01-01]" time="0.863" /><testcase classname="tests.test_api" name="test_invalid_loan_filters[search=]" time="0.877" /><testcase classname="tests.test_api" name="test_invalid_loan_filters[device_type=]" time="0.854" /><testcase classname="tests.test_api" name="test_combined_filters" time="0.942" /><testcase classname="tests.test_api" name="test_device_crud_and_filters" time="0.917" /><testcase classname="tests.test_api" name="test_history_and_availability_protected" time="0.942" /><testcase classname="tests.test_api" name="test_invalid_devices[payload0]" time="0.860" /><testcase classname="tests.test_api" name="test_invalid_devices[payload1]" time="0.860" /><testcase classname="tests.test_api" name="test_invalid_devices[payload2]" time="0.848" /><testcase classname="tests.test_api" name="test_invalid_devices[payload3]" time="0.956" /><testcase classname="tests.test_api" name="test_users_regression" time="1.020" /><testcase classname="tests.test_api" name="test_docs" time="0.990" /><testcase classname="tests.test_api" name="test_database_error_does_not_leak_sql" time="0.943" /><testcase classname="tests.test_api" name="test_duplicate_device_update_preserves_data" time="0.989" /><testcase classname="tests.test_api" name="test_invalid_loan_payload[payload0]" time="0.909" /><testcase classname="tests.test_api" name="test_invalid_loan_payload[payload1]" time="0.934" /><testcase classname="tests.test_api" name="test_invalid_loan_payload[payload2]" time="0.945" /><testcase classname="tests.test_migrations" name="test_upgrade_downgrade_and_metadata" time="5.604" /><testcase classname="tests.test_migrations" name="test_upgrade_preserves_existing_users" time="2.460" /><testcase classname="tests.test_migrations" name="test_adopt_unversioned_legacy_database" time="3.176" /><testcase classname="tests.test_migrations" name="test_invalid_revision_and_url" time="1.500" /><testcase classname="tests.test_migrations" name="test_foreign_keys_and_unique_open_loan" time="0.939" /><testcase classname="tests.test_migrations" name="test_failed_commit_rolls_back_availability" time="0.980" /><testcase classname="tests.test_migrations" name="test_concurrent_loans_only_one_succeeds" time="0.957" /><testcase classname="tests.test_migrations" name="test_failed_return_preserves_loan_and_availability" time="0.953" /><testcase classname="tests.test_migrations" name="test_concurrent_returns_only_one_succeeds" time="0.981" /><testcase classname="tests.test_migrations" name="test_loan_constraints[1, 1, 'invalid', NULL]" time="0.960" /><testcase classname="tests.test_migrations" name="test_loan_constraints[1, 1, 'returned', NULL]" time="0.953" /><testcase classname="tests.test_migrations" name="test_loan_constraints[1, 1, 'active', '2026-01-01']" time="0.950" /><testcase classname="tests.test_migrations" name="test_loan_constraints[1, 1, 'returned', '1900-01-01']" time="0.964" /><testcase classname="tests.test_migrations" name="test_loan_constraints[1, 999, 'active', NULL]" time="0.956" /><testcase classname="tests.test_migrations" name="test_password_migration_preserves_existing_users_and_loans" time="3.199" /><testcase classname="tests.test_security" name="test_bcrypt_unique_salts_and_unicode_limit" time="0.927" /><testcase classname="tests.test_security" name="test_register_login_profile_and_private_fields" time="1.477" /><testcase classname="tests.test_security" name="test_registration_validation_never_echoes_password[payload0]" time="0.889" /><testcase classname="tests.test_security" name="test_registration_validation_never_echoes_password[payload1]" time="0.874" /><testcase classname="tests.test_security" name="test_registration_validation_never_echoes_password[payload2]" time="0.864" /><testcase classname="tests.test_security" name="test_registration_validation_never_echoes_password[payload3]" time="0.867" /><testcase classname="tests.test_security" name="test_registration_validation_never_echoes_password[payload4]" time="0.861" /><testcase classname="tests.test_security" name="test_registration_validation_never_echoes_password[payload5]" time="0.849" /><testcase classname="tests.test_security" name="test_registration_validation_never_echoes_password[payload6]" time="0.856" /><testcase classname="tests.test_security" name="test_duplicates_and_bad_credentials" time="1.595" /><testcase classname="tests.test_security" name="test_missing_tokens_rejected[/users]" time="0.863" /><testcase classname="tests.test_security" name="test_missing_tokens_rejected[/users/me]" time="0.878" /><testcase classname="tests.test_security" name="test_missing_tokens_rejected[/devices]" time="0.873" /><testcase classname="tests.test_security" name="test_missing_tokens_rejected[/loans]" time="0.890" /><testcase classname="tests.test_security" name="test_missing_tokens_rejected[/loans/details]" time="0.869" /><testcase classname="tests.test_security" name="test_invalid_tokens_rejected[malformed]" time="1.074" /><testcase classname="tests.test_security" name="test_invalid_tokens_rejected[expired]" time="1.052" /><testcase classname="tests.test_security" name="test_invalid_tokens_rejected[signature]" time="1.111" /><testcase classname="tests.test_security" name="test_invalid_tokens_rejected[missing_exp]" time="1.152" /><testcase classname="tests.test_security" name="test_invalid_tokens_rejected[missing_sub]" time="1.143" /><testcase classname="tests.test_security" name="test_invalid_tokens_rejected[bad_sub]" time="1.149" /><testcase classname="tests.test_security" name="test_invalid_tokens_rejected[algorithm]" time="1.141" /><testcase classname="tests.test_security" name="test_invalid_tokens_rejected[deleted]" time="1.111" /><testcase classname="tests.test_security" name="test_inactive_user_and_role_changes_checked_in_database" time="1.493" /><testcase classname="tests.test_security" name="test_legacy_user_cannot_login_without_password" time="1.080" /><testcase classname="tests.test_security" name="test_permissions_and_loan_ownership" time="1.781" /><testcase classname="tests.test_security" name="test_login_rate_limit_and_cors_headers" time="1.757" /><testcase classname="tests.test_security" name="test_profile_limit_uses_verified_user_not_token_or_ip" time="1.934" /><testcase classname="tests.test_security" name="test_cors_preflight_and_rejected_origin" time="0.826" /><testcase classname="tests.test_security" name="test_middleware_headers_logging_and_errors" time="0.865" /><testcase classname="tests.test_security" name="test_security_headers_host_gzip_and_https" time="1.031" /><testcase classname="tests.test_security" name="test_invalid_settings[overrides0]" time="0.001" /><testcase classname="tests.test_security" name="test_invalid_settings[overrides1]" time="0.001" /><testcase classname="tests.test_security" name="test_invalid_settings[overrides2]" time="0.001" /><testcase classname="tests.test_security" name="test_invalid_settings[overrides3]" time="0.000" /><testcase classname="tests.test_security" name="test_invalid_settings[overrides4]" time="0.000" /><testcase classname="tests.test_security" name="test_invalid_settings[overrides5]" time="0.000" /><testcase classname="tests.test_security" name="test_https_redirect" time="0.004" /><testcase classname="tests.test_security" name="test_admin_creates_password_and_revoked_role_takes_effect" time="1.745" /><testcase classname="tests.test_security" name="test_register_rate_limit" time="1.914" /><testcase classname="tests.test_security" name="test_database_failure_has_cors_and_security_headers" time="0.925" /></testsuite></testsuites>