<?xml version="1.0" encoding="utf-8"?><testsuites name="pytest tests"><testsuite name="pytest" errors="0" failures="0" skipped="0" tests="43" time="55.555" timestamp="2026-09-19T19:55:26.399478-05:00" hostname="DESKTOP-UEN45OG"><testcase classname="tests.test_api" name="test_complete_loan_lifecycle" time="1.106" /><testcase classname="tests.test_api" name="test_missing_resources[/users/999/loans]" time="0.988" /><testcase classname="tests.test_api" name="test_missing_resources[/users/999/devices]" time="1.017" /><testcase classname="tests.test_api" name="test_missing_resources[/devices/999]" time="0.985" /><testcase classname="tests.test_api" name="test_missing_resources[/devices/999/loans]" time="1.011" /><testcase classname="tests.test_api" name="test_missing_resources[/loans/999]" time="0.982" /><testcase classname="tests.test_api" name="test_missing_loan_references" time="1.022" /><testcase classname="tests.test_api" name="test_invalid_loan_filters[status=invalid]" time="0.993" /><testcase classname="tests.test_api" name="test_invalid_loan_filters[user_id=0]" time="0.993" /><testcase classname="tests.test_api" name="test_invalid_loan_filters[device_id=-1]" time="0.980" /><testcase classname="tests.test_api" name="test_invalid_loan_filters[user_email=invalid]" time="0.992" /><testcase classname="tests.test_api" name="test_invalid_loan_filters[date_from=invalid]" time="1.023" /><testcase classname="tests.test_api" name="test_invalid_loan_filters[date_from=2026-10-01&amp;date_to=2026-01-01]" time="0.977" /><testcase classname="tests.test_api" name="test_invalid_loan_filters[search=]" time="0.983" /><testcase classname="tests.test_api" name="test_invalid_loan_filters[device_type=]" time="1.091" /><testcase classname="tests.test_api" name="test_combined_filters" time="1.187" /><testcase classname="tests.test_api" name="test_device_crud_and_filters" time="1.131" /><testcase classname="tests.test_api" name="test_history_and_availability_protected" time="1.199" /><testcase classname="tests.test_api" name="test_invalid_devices[payload0]" time="1.099" /><testcase classname="tests.test_api" name="test_invalid_devices[payload1]" time="1.027" /><testcase classname="tests.test_api" name="test_invalid_devices[payload2]" time="0.994" /><testcase classname="tests.test_api" name="test_invalid_devices[payload3]" time="1.001" /><testcase classname="tests.test_api" name="test_users_regression" time="1.129" /><testcase classname="tests.test_api" name="test_docs" time="1.118" /><testcase classname="tests.test_api" name="test_database_error_does_not_leak_sql" time="1.048" /><testcase classname="tests.test_api" name="test_duplicate_device_update_preserves_data" time="1.072" /><testcase classname="tests.test_api" name="test_invalid_loan_payload[payload0]" time="1.070" /><testcase classname="tests.test_api" name="test_invalid_loan_payload[payload1]" time="1.069" /><testcase classname="tests.test_api" name="test_invalid_loan_payload[payload2]" time="1.018" /><testcase classname="tests.test_migrations" name="test_upgrade_downgrade_and_metadata" time="6.267" /><testcase classname="tests.test_migrations" name="test_upgrade_preserves_existing_users" time="2.898" /><testcase classname="tests.test_migrations" name="test_adopt_unversioned_legacy_database" time="3.617" /><testcase classname="tests.test_migrations" name="test_invalid_revision_and_url" time="1.746" /><testcase classname="tests.test_migrations" name="test_foreign_keys_and_unique_open_loan" time="1.077" /><testcase classname="tests.test_migrations" name="test_failed_commit_rolls_back_availability" time="1.039" /><testcase classname="tests.test_migrations" name="test_concurrent_loans_only_one_succeeds" time="1.083" /><testcase classname="tests.test_migrations" name="test_failed_return_preserves_loan_and_availability" time="1.062" /><testcase classname="tests.test_migrations" name="test_concurrent_returns_only_one_succeeds" time="1.105" /><testcase classname="tests.test_migrations" name="test_loan_constraints[1, 1, 'invalid', NULL]" time="1.051" /><testcase classname="tests.test_migrations" name="test_loan_constraints[1, 1, 'returned', NULL]" time="1.039" /><testcase classname="tests.test_migrations" name="test_loan_constraints[1, 1, 'active', '2026-01-01']" time="1.051" /><testcase classname="tests.test_migrations" name="test_loan_constraints[1, 1, 'returned', '1900-01-01']" time="1.043" /><testcase classname="tests.test_migrations" name="test_loan_constraints[1, 999, 'active', NULL]" time="1.055" /></testsuite></testsuites>